生成启动时间为 2015/5/10 21:51:13。
     1>项目“G:\zxwg\trunk\zxwg\math\math.vcxproj”在节点 2 上(Rebuild 个目标)。
     1>ClCompile:
         D:\Program Files (x86)\Microsoft Visual Studio 11.0\VC\bin\CL.exe /c /Zi /nologo /W3 /WX- /sdl /O2 /Oi /Oy- /GL /D WIN32 /D NDEBUG /D _WINDOWS /D _USRDLL /D MATH_EXPORTS /D _WINDLL /D _UNICODE /D UNICODE /Gm- /EHsc /MD /GS /Gy /fp:precise /Zc:wchar_t /Zc:forScope /Yc"stdafx.h" /Fp"Release\zxwgdll.pch" /Fo"Release\\" /Fd"Release\vc110.pdb" /Gd /TP /analyze- /errorReport:prompt stdafx.cpp
         stdafx.cpp
         D:\Program Files (x86)\Microsoft Visual Studio 11.0\VC\bin\CL.exe /c /Zi /nologo /W3 /WX- /sdl /O2 /Oi /Oy- /GL /D WIN32 /D NDEBUG /D _WINDOWS /D _USRDLL /D MATH_EXPORTS /D _WINDLL /D _UNICODE /D UNICODE /Gm- /EHsc /MD /GS /Gy /fp:precise /Zc:wchar_t /Zc:forScope /Fo"Release\\" /Fd"Release\vc110.pdb" /Gd /TP /analyze- /errorReport:prompt dllmain.cpp
         dllmain.cpp
         D:\Program Files (x86)\Microsoft Visual Studio 11.0\VC\bin\CL.exe /c /Zi /nologo /W3 /WX- /sdl /O2 /Oi /Oy- /GL /D WIN32 /D NDEBUG /D _WINDOWS /D _USRDLL /D MATH_EXPORTS /D _WINDLL /D _UNICODE /D UNICODE /Gm- /EHsc /MD /GS /Gy /fp:precise /Zc:wchar_t /Zc:forScope /Yu"stdafx.h" /Fp"Release\zxwgdll.pch" /Fo"Release\\" /Fd"Release\vc110.pdb" /Gd /TP /analyze- /errorReport:prompt math.cpp mymath.cpp
         math.cpp
         mymath.cpp
     1>mymath.cpp(141): warning C4244: “参数”: 从“lua_Number”转换到“int”，可能丢失数据
     1>mymath.cpp(146): warning C4244: “参数”: 从“lua_Number”转换到“int”，可能丢失数据
     1>mymath.cpp(151): warning C4244: “参数”: 从“lua_Number”转换到“int”，可能丢失数据
     1>mymath.cpp(157): warning C4244: “参数”: 从“lua_Number”转换到“byte”，可能丢失数据
     1>mymath.cpp(157): warning C4244: “参数”: 从“lua_Number”转换到“int”，可能丢失数据
     1>mymath.cpp(164): warning C4244: “参数”: 从“lua_Number”转换到“DWORD”，可能丢失数据
     1>mymath.cpp(170): warning C4244: “参数”: 从“lua_Number”转换到“DWORD”，可能丢失数据
     1>mymath.cpp(180): warning C4244: “参数”: 从“lua_Number”转换到“DWORD”，可能丢失数据
     1>mymath.cpp(192): warning C4244: “参数”: 从“lua_Number”转换到“DWORD”，可能丢失数据
     1>mymath.cpp(247): warning C4244: “=”: 从“lua_Number”转换到“float”，可能丢失数据
     1>mymath.cpp(248): warning C4244: “=”: 从“lua_Number”转换到“float”，可能丢失数据
     1>mymath.cpp(250): warning C4244: “参数”: 从“lua_Number”转换到“DWORD”，可能丢失数据
     1>mymath.cpp(256): warning C4244: “初始化”: 从“lua_Number”转换到“int”，可能丢失数据
     1>mymath.cpp(260): warning C4244: “参数”: 从“lua_Number”转换到“int”，可能丢失数据
     1>mymath.cpp(272): warning C4244: “参数”: 从“lua_Number”转换到“int”，可能丢失数据
     1>mymath.cpp(361): warning C4244: “=”: 从“jint”转换到“float”，可能丢失数据
     1>mymath.cpp(362): warning C4244: “=”: 从“jint”转换到“float”，可能丢失数据
     1>mymath.cpp(436): warning C4244: “参数”: 从“jint”转换到“byte”，可能丢失数据
       Link:
         D:\Program Files (x86)\Microsoft Visual Studio 11.0\VC\bin\link.exe /ERRORREPORT:PROMPT /OUT:"G:\zxwg\trunk\zxwg\Release\zxwgdll.dll" /INCREMENTAL:NO /NOLOGO kernel32.lib user32.lib gdi32.lib winspool.lib comdlg32.lib advapi32.lib shell32.lib ole32.lib oleaut32.lib uuid.lib odbc32.lib odbccp32.lib /NODEFAULTLIB:libcmt.lib /MANIFEST /MANIFESTUAC:"level='asInvoker' uiAccess='false'" /manifest:embed /DEBUG /PDB:"G:\zxwg\trunk\zxwg\Release\zxwgdll.pdb" /SUBSYSTEM:WINDOWS /OPT:REF /OPT:ICF /LTCG /TLBID:1 /DYNAMICBASE /NXCOMPAT /IMPLIB:"G:\zxwg\trunk\zxwg\Release\zxwgdll.lib" /MACHINE:X86 /SAFESEH /DLL Release\dllmain.obj
         Release\math.obj
         Release\mymath.obj
         Release\stdafx.obj
            正在创建库 G:\zxwg\trunk\zxwg\Release\zxwgdll.lib 和对象 G:\zxwg\trunk\zxwg\Release\zxwgdll.exp
         正在生成代码
         已完成代码的生成
         math.vcxproj -> G:\zxwg\trunk\zxwg\Release\zxwgdll.dll
     1>已完成生成项目“G:\zxwg\trunk\zxwg\math\math.vcxproj”(Rebuild 个目标)的操作。

生成成功。

已用时间 00:00:01.29
