G:\ZXWG\TRUNK\ZXWG\MATH\RELEASE\MATH.PCH
G:\ZXWG\TRUNK\ZXWG\MATH\RELEASE\STDAFX.OBJ
G:\ZXWG\TRUNK\ZXWG\MATH\RELEASE\VC110.PDB
G:\ZXWG\TRUNK\ZXWG\MATH\RELEASE\DLLMAIN.OBJ
G:\ZXWG\TRUNK\ZXWG\MATH\RELEASE\MYMATH.OBJ
G:\ZXWG\TRUNK\ZXWG\MATH\RELEASE\MATH.OBJ
G:\ZXWG\TRUNK\ZXWG\RELEASE\MATH.DLL
G:\ZXWG\TRUNK\ZXWG\RELEASE\MATH.PDB
G:\zxwg\trunk\zxwg\Release\math.lib
G:\zxwg\trunk\zxwg\Release\math.exp
G:\zxwg\trunk\zxwg\math\Release\dllmain.obj
G:\zxwg\trunk\zxwg\math\Release\math.obj
G:\zxwg\trunk\zxwg\math\Release\mymath.obj
G:\zxwg\trunk\zxwg\math\Release\stdafx.obj
G:\zxwg\trunk\zxwg\math\Release\cl.command.1.tlog
G:\zxwg\trunk\zxwg\math\Release\CL.read.1.tlog
G:\zxwg\trunk\zxwg\math\Release\CL.write.1.tlog
G:\zxwg\trunk\zxwg\math\Release\link-cvtres.read.1.tlog
G:\zxwg\trunk\zxwg\math\Release\link-cvtres.write.1.tlog
G:\zxwg\trunk\zxwg\math\Release\link-rc.read.1.tlog
G:\zxwg\trunk\zxwg\math\Release\link-rc.write.1.tlog
G:\zxwg\trunk\zxwg\math\Release\link.command.1.tlog
G:\zxwg\trunk\zxwg\math\Release\link.read.1.tlog
G:\zxwg\trunk\zxwg\math\Release\link.write.1.tlog
G:\zxwg\trunk\zxwg\math\Release\math.write.1.tlog
G:\zxwg\trunk\zxwg\math\Release\math.pch
G:\zxwg\trunk\zxwg\math\Release\vc110.pdb
G:\zxwg\trunk\zxwg\Release\math.pdb
G:\zxwg\trunk\zxwg\Release\math.dll
