G:\ZXWG\TRUNK\ZXWG\MATH\RELEASE\ZXWGDLL.PCH
G:\ZXWG\TRUNK\ZXWG\MATH\RELEASE\STDAFX.OBJ
G:\ZXWG\TRUNK\ZXWG\MATH\RELEASE\VC110.PDB
G:\ZXWG\TRUNK\ZXWG\MATH\RELEASE\DLLMAIN.OBJ
G:\ZXWG\TRUNK\ZXWG\MATH\RELEASE\MYMATH.OBJ
G:\ZXWG\TRUNK\ZXWG\MATH\RELEASE\MATH.OBJ
G:\ZXWG\TRUNK\ZXWG\RELEASE\ZXWGDLL.DLL
G:\ZXWG\TRUNK\ZXWG\RELEASE\ZXWGDLL.PDB
G:\zxwg\trunk\zxwg\Release\zxwgdll.lib
G:\zxwg\trunk\zxwg\Release\zxwgdll.exp
G:\zxwg\trunk\zxwg\math\Release\dllmain.obj
G:\zxwg\trunk\zxwg\math\Release\math.obj
G:\zxwg\trunk\zxwg\math\Release\mymath.obj
G:\zxwg\trunk\zxwg\math\Release\stdafx.obj
G:\zxwg\trunk\zxwg\math\Release\cl.command.1.tlog
G:\zxwg\trunk\zxwg\math\Release\CL.read.1.tlog
G:\zxwg\trunk\zxwg\math\Release\CL.write.1.tlog
G:\zxwg\trunk\zxwg\math\Release\link-cvtres.read.1.tlog
G:\zxwg\trunk\zxwg\math\Release\link-cvtres.write.1.tlog
G:\zxwg\trunk\zxwg\math\Release\link-rc.read.1.tlog
G:\zxwg\trunk\zxwg\math\Release\link-rc.write.1.tlog
G:\zxwg\trunk\zxwg\math\Release\link.command.1.tlog
G:\zxwg\trunk\zxwg\math\Release\link.read.1.tlog
G:\zxwg\trunk\zxwg\math\Release\link.write.1.tlog
G:\zxwg\trunk\zxwg\math\Release\zxwgdll.write.1.tlog
G:\zxwg\trunk\zxwg\math\Release\zxwgdll.pch
G:\zxwg\trunk\zxwg\math\Release\vc110.pdb
G:\zxwg\trunk\zxwg\Release\zxwgdll.pdb
G:\zxwg\trunk\zxwg\Release\zxwgdll.dll
